{"date":"2023-03-18T11:55:21.390Z","level":"info","message":"Request received","method":"GET","service":"user-service","url":"/api-docs"}
{"date":"2023-03-18T11:55:21.465Z","level":"info","message":"Request received","method":"GET","service":"user-service","url":"/api-docs/"}
{"date":"2023-03-18T11:55:21.630Z","level":"info","message":"Request received","method":"GET","service":"user-service","url":"/api-docs/swagger-ui.css"}
{"date":"2023-03-18T11:55:21.633Z","level":"info","message":"Request received","method":"GET","service":"user-service","url":"/api-docs/swagger-ui-bundle.js"}
{"date":"2023-03-18T11:55:21.640Z","level":"info","message":"Request received","method":"GET","service":"user-service","url":"/api-docs/swagger-ui-standalone-preset.js"}
{"date":"2023-03-18T11:55:21.644Z","level":"info","message":"Request received","method":"GET","service":"user-service","url":"/api-docs/swagger-ui-init.js"}
{"date":"2023-03-18T11:55:23.331Z","level":"info","message":"Request received","method":"GET","service":"user-service","url":"/api-docs/favicon-32x32.png"}
{"date":"2023-03-18T11:56:28.283Z","level":"info","message":"Request received","method":"GET","service":"user-service","url":"/api-docs/"}
{"date":"2023-03-18T11:56:28.376Z","level":"info","message":"Request received","method":"GET","service":"user-service","url":"/api-docs/swagger-ui.css"}
{"date":"2023-03-18T11:56:28.382Z","level":"info","message":"Request received","method":"GET","service":"user-service","url":"/api-docs/swagger-ui-bundle.js"}
{"date":"2023-03-18T11:56:28.386Z","level":"info","message":"Request received","method":"GET","service":"user-service","url":"/api-docs/swagger-ui-init.js"}
{"date":"2023-03-18T11:56:28.398Z","level":"info","message":"Request received","method":"GET","service":"user-service","url":"/api-docs/swagger-ui-standalone-preset.js"}
{"date":"2023-03-18T11:56:28.964Z","level":"info","message":"Request received","method":"GET","service":"user-service","url":"/api-docs/favicon-32x32.png"}
{"date":"2023-03-18T12:02:10.800Z","level":"info","message":"Request received","method":"GET","service":"user-service","url":"/api-docs/"}
{"date":"2023-03-18T12:02:10.885Z","level":"info","message":"Request received","method":"GET","service":"user-service","url":"/api-docs/swagger-ui.css"}
{"date":"2023-03-18T12:02:10.889Z","level":"info","message":"Request received","method":"GET","service":"user-service","url":"/api-docs/swagger-ui-bundle.js"}
{"date":"2023-03-18T12:02:10.903Z","level":"info","message":"Request received","method":"GET","service":"user-service","url":"/api-docs/swagger-ui-standalone-preset.js"}
{"date":"2023-03-18T12:02:10.906Z","level":"info","message":"Request received","method":"GET","service":"user-service","url":"/api-docs/swagger-ui-init.js"}
{"date":"2023-03-18T12:02:11.324Z","level":"info","message":"Request received","method":"GET","service":"user-service","url":"/api-docs/favicon-32x32.png"}
{"date":"2023-03-18T12:04:34.661Z","level":"info","message":"Request received","method":"GET","service":"user-service","url":"/api-docs/"}
{"date":"2023-03-18T12:04:34.744Z","level":"info","message":"Request received","method":"GET","service":"user-service","url":"/api-docs/swagger-ui.css"}
{"date":"2023-03-18T12:04:34.759Z","level":"info","message":"Request received","method":"GET","service":"user-service","url":"/api-docs/swagger-ui-bundle.js"}
{"date":"2023-03-18T12:04:34.770Z","level":"info","message":"Request received","method":"GET","service":"user-service","url":"/api-docs/swagger-ui-standalone-preset.js"}
{"date":"2023-03-18T12:04:34.773Z","level":"info","message":"Request received","method":"GET","service":"user-service","url":"/api-docs/swagger-ui-init.js"}
{"date":"2023-03-18T12:04:35.172Z","level":"info","message":"Request received","method":"GET","service":"user-service","url":"/api-docs/favicon-32x32.png"}
{"date":"2023-03-18T12:04:48.524Z","level":"info","message":"Request received","method":"GET","service":"user-service","url":"/api-docs/"}
{"date":"2023-03-18T12:04:48.581Z","level":"info","message":"Request received","method":"GET","service":"user-service","url":"/api-docs/swagger-ui.css"}
{"date":"2023-03-18T12:04:48.591Z","level":"info","message":"Request received","method":"GET","service":"user-service","url":"/api-docs/swagger-ui-bundle.js"}
{"date":"2023-03-18T12:04:48.604Z","level":"info","message":"Request received","method":"GET","service":"user-service","url":"/api-docs/swagger-ui-standalone-preset.js"}
{"date":"2023-03-18T12:04:48.609Z","level":"info","message":"Request received","method":"GET","service":"user-service","url":"/api-docs/swagger-ui-init.js"}
{"date":"2023-03-18T12:04:49.064Z","level":"info","message":"Request received","method":"GET","service":"user-service","url":"/api-docs/favicon-32x32.png"}
{"date":"2023-03-18T12:05:49.706Z","level":"info","message":"Request received","method":"GET","service":"user-service","url":"/api-docs/"}
{"date":"2023-03-18T12:05:49.785Z","level":"info","message":"Request received","method":"GET","service":"user-service","url":"/api-docs/swagger-ui.css"}
{"date":"2023-03-18T12:05:49.802Z","level":"info","message":"Request received","method":"GET","service":"user-service","url":"/api-docs/swagger-ui-bundle.js"}
{"date":"2023-03-18T12:05:49.816Z","level":"info","message":"Request received","method":"GET","service":"user-service","url":"/api-docs/swagger-ui-standalone-preset.js"}
{"date":"2023-03-18T12:05:49.825Z","level":"info","message":"Request received","method":"GET","service":"user-service","url":"/api-docs/swagger-ui-init.js"}
{"date":"2023-03-18T12:05:50.213Z","level":"info","message":"Request received","method":"GET","service":"user-service","url":"/api-docs/favicon-32x32.png"}
{"date":"2023-03-18T12:07:05.429Z","level":"info","message":"Request received","method":"GET","service":"user-service","url":"/api-docs/"}
{"date":"2023-03-18T12:07:05.494Z","level":"info","message":"Request received","method":"GET","service":"user-service","url":"/api-docs/swagger-ui.css"}
{"date":"2023-03-18T12:07:05.501Z","level":"info","message":"Request received","method":"GET","service":"user-service","url":"/api-docs/swagger-ui-bundle.js"}
{"date":"2023-03-18T12:07:05.514Z","level":"info","message":"Request received","method":"GET","service":"user-service","url":"/api-docs/swagger-ui-standalone-preset.js"}
{"date":"2023-03-18T12:07:05.520Z","level":"info","message":"Request received","method":"GET","service":"user-service","url":"/api-docs/swagger-ui-init.js"}
{"date":"2023-03-18T12:07:05.974Z","level":"info","message":"Request received","method":"GET","service":"user-service","url":"/api-docs/favicon-32x32.png"}
{"date":"2023-03-18T12:09:27.137Z","level":"info","message":"Request received","method":"GET","service":"user-service","url":"/api-docs/"}
{"date":"2023-03-18T12:09:27.200Z","level":"info","message":"Request received","method":"GET","service":"user-service","url":"/api-docs/swagger-ui.css"}
{"date":"2023-03-18T12:09:27.204Z","level":"info","message":"Request received","method":"GET","service":"user-service","url":"/api-docs/swagger-ui-bundle.js"}
{"date":"2023-03-18T12:09:27.213Z","level":"info","message":"Request received","method":"GET","service":"user-service","url":"/api-docs/swagger-ui-standalone-preset.js"}
{"date":"2023-03-18T12:09:27.231Z","level":"info","message":"Request received","method":"GET","service":"user-service","url":"/api-docs/swagger-ui-init.js"}
{"date":"2023-03-18T12:09:27.598Z","level":"info","message":"Request received","method":"GET","service":"user-service","url":"/api-docs/favicon-32x32.png"}
{"date":"2023-03-18T12:10:43.626Z","level":"info","message":"Request received","method":"GET","service":"user-service","url":"/api-docs/"}
{"date":"2023-03-18T12:10:43.728Z","level":"info","message":"Request received","method":"GET","service":"user-service","url":"/api-docs/swagger-ui.css"}
{"date":"2023-03-18T12:10:43.735Z","level":"info","message":"Request received","method":"GET","service":"user-service","url":"/api-docs/swagger-ui-bundle.js"}
{"date":"2023-03-18T12:10:43.741Z","level":"info","message":"Request received","method":"GET","service":"user-service","url":"/api-docs/swagger-ui-standalone-preset.js"}
{"date":"2023-03-18T12:10:43.755Z","level":"info","message":"Request received","method":"GET","service":"user-service","url":"/api-docs/swagger-ui-init.js"}
{"date":"2023-03-18T12:10:44.968Z","level":"info","message":"Request received","method":"GET","service":"user-service","url":"/api-docs/favicon-32x32.png"}
{"date":"2023-03-18T12:11:20.372Z","level":"info","message":"Request received","method":"GET","service":"user-service","url":"/api-docs/"}
{"date":"2023-03-18T12:11:20.452Z","level":"info","message":"Request received","method":"GET","service":"user-service","url":"/api-docs/swagger-ui.css"}
{"date":"2023-03-18T12:11:20.471Z","level":"info","message":"Request received","method":"GET","service":"user-service","url":"/api-docs/swagger-ui-bundle.js"}
{"date":"2023-03-18T12:11:20.475Z","level":"info","message":"Request received","method":"GET","service":"user-service","url":"/api-docs/swagger-ui-init.js"}
{"date":"2023-03-18T12:11:20.480Z","level":"info","message":"Request received","method":"GET","service":"user-service","url":"/api-docs/swagger-ui-standalone-preset.js"}
{"date":"2023-03-18T12:11:21.001Z","level":"info","message":"Request received","method":"GET","service":"user-service","url":"/api-docs/favicon-32x32.png"}
{"date":"2023-03-18T12:12:15.984Z","level":"info","message":"Request received","method":"GET","service":"user-service","url":"/api-docs/"}
{"date":"2023-03-18T12:12:16.073Z","level":"info","message":"Request received","method":"GET","service":"user-service","url":"/api-docs/swagger-ui.css"}
{"date":"2023-03-18T12:12:16.085Z","level":"info","message":"Request received","method":"GET","service":"user-service","url":"/api-docs/swagger-ui-standalone-preset.js"}
{"date":"2023-03-18T12:12:16.101Z","level":"info","message":"Request received","method":"GET","service":"user-service","url":"/api-docs/swagger-ui-bundle.js"}
{"date":"2023-03-18T12:12:16.104Z","level":"info","message":"Request received","method":"GET","service":"user-service","url":"/api-docs/swagger-ui-init.js"}
{"date":"2023-03-18T12:12:16.472Z","level":"info","message":"Request received","method":"GET","service":"user-service","url":"/api-docs/favicon-32x32.png"}
{"date":"2023-03-18T12:13:28.892Z","level":"info","message":"Request received","method":"GET","service":"user-service","url":"/api-docs/favicon-32x32.png"}
{"date":"2023-03-18T12:13:28.921Z","level":"info","message":"Request received","method":"GET","service":"user-service","url":"/api-docs/"}
{"date":"2023-03-18T12:13:29.107Z","level":"info","message":"Request received","method":"GET","service":"user-service","url":"/api-docs/swagger-ui.css"}
{"date":"2023-03-18T12:13:29.117Z","level":"info","message":"Request received","method":"GET","service":"user-service","url":"/api-docs/swagger-ui-bundle.js"}
{"date":"2023-03-18T12:13:29.121Z","level":"info","message":"Request received","method":"GET","service":"user-service","url":"/api-docs/swagger-ui-standalone-preset.js"}
{"date":"2023-03-18T12:13:29.123Z","level":"info","message":"Request received","method":"GET","service":"user-service","url":"/api-docs/swagger-ui-init.js"}
{"date":"2023-03-18T12:13:32.976Z","level":"info","message":"Request received","method":"GET","service":"user-service","url":"/api-docs/"}
{"date":"2023-03-18T12:13:33.029Z","level":"info","message":"Request received","method":"GET","service":"user-service","url":"/api-docs/swagger-ui.css"}
{"date":"2023-03-18T12:13:33.040Z","level":"info","message":"Request received","method":"GET","service":"user-service","url":"/api-docs/swagger-ui-bundle.js"}
{"date":"2023-03-18T12:13:33.049Z","level":"info","message":"Request received","method":"GET","service":"user-service","url":"/api-docs/swagger-ui-standalone-preset.js"}
{"date":"2023-03-18T12:13:33.056Z","level":"info","message":"Request received","method":"GET","service":"user-service","url":"/api-docs/swagger-ui-init.js"}
{"date":"2023-03-18T12:13:33.422Z","level":"info","message":"Request received","method":"GET","service":"user-service","url":"/api-docs/favicon-32x32.png"}
{"date":"2023-03-18T12:13:56.838Z","level":"info","message":"Request received","method":"GET","service":"user-service","url":"/api-docs/"}
{"date":"2023-03-18T12:13:56.912Z","level":"info","message":"Request received","method":"GET","service":"user-service","url":"/api-docs/swagger-ui.css"}
{"date":"2023-03-18T12:13:56.930Z","level":"info","message":"Request received","method":"GET","service":"user-service","url":"/api-docs/swagger-ui-bundle.js"}
{"date":"2023-03-18T12:13:56.937Z","level":"info","message":"Request received","method":"GET","service":"user-service","url":"/api-docs/swagger-ui-init.js"}
{"date":"2023-03-18T12:13:56.942Z","level":"info","message":"Request received","method":"GET","service":"user-service","url":"/api-docs/swagger-ui-standalone-preset.js"}
{"date":"2023-03-18T12:13:57.288Z","level":"info","message":"Request received","method":"GET","service":"user-service","url":"/api-docs/favicon-32x32.png"}
{"date":"2023-03-18T12:14:06.576Z","level":"info","message":"Request received","method":"GET","service":"user-service","url":"/api-docs/"}
{"date":"2023-03-18T12:14:06.625Z","level":"info","message":"Request received","method":"GET","service":"user-service","url":"/api-docs/swagger-ui.css"}
{"date":"2023-03-18T12:14:06.631Z","level":"info","message":"Request received","method":"GET","service":"user-service","url":"/api-docs/swagger-ui-bundle.js"}
{"date":"2023-03-18T12:14:06.646Z","level":"info","message":"Request received","method":"GET","service":"user-service","url":"/api-docs/swagger-ui-standalone-preset.js"}
{"date":"2023-03-18T12:14:06.657Z","level":"info","message":"Request received","method":"GET","service":"user-service","url":"/api-docs/swagger-ui-init.js"}
{"date":"2023-03-18T12:14:06.947Z","level":"info","message":"Request received","method":"GET","service":"user-service","url":"/api-docs/favicon-32x32.png"}
{"date":"2023-03-18T12:14:40.464Z","level":"info","message":"Request received","method":"GET","service":"user-service","url":"/api-docs/"}
{"date":"2023-03-18T12:14:40.572Z","level":"info","message":"Request received","method":"GET","service":"user-service","url":"/api-docs/swagger-ui.css"}
{"date":"2023-03-18T12:14:40.578Z","level":"info","message":"Request received","method":"GET","service":"user-service","url":"/api-docs/swagger-ui-bundle.js"}
{"date":"2023-03-18T12:14:40.586Z","level":"info","message":"Request received","method":"GET","service":"user-service","url":"/api-docs/swagger-ui-standalone-preset.js"}
{"date":"2023-03-18T12:14:40.609Z","level":"info","message":"Request received","method":"GET","service":"user-service","url":"/api-docs/swagger-ui-init.js"}
{"date":"2023-03-18T12:14:41.266Z","level":"info","message":"Request received","method":"GET","service":"user-service","url":"/api-docs/favicon-32x32.png"}
{"date":"2023-03-18T12:29:00.797Z","level":"info","message":"Request received","method":"GET","service":"user-service","url":"/"}
{"date":"2023-03-18T12:30:38.116Z","level":"info","message":"Request received","method":"GET","service":"user-service","url":"/"}
{"date":"2023-03-18T12:38:23.451Z","level":"info","message":"Request received","method":"GET","service":"user-service","url":"/api-docs/"}
{"date":"2024-02-14T21:03:58.149Z","level":"info","message":"Request received","method":"POST","service":"user-service","url":"/proxy"}
{"date":"2024-02-14T21:04:20.185Z","level":"info","message":"Request received","method":"POST","service":"user-service","url":"/proxy"}
{"date":"2024-02-14T21:04:44.401Z","level":"info","message":"Request received","method":"POST","service":"user-service","url":"/proxy"}
{"date":"2024-02-14T21:06:06.999Z","level":"info","message":"Request received","method":"POST","service":"user-service","url":"/proxy"}
{"date":"2024-02-14T21:06:13.112Z","level":"info","message":"Request received","method":"POST","service":"user-service","url":"/proxy"}
{"date":"2024-02-14T21:06:35.937Z","level":"info","message":"Request received","method":"POST","service":"user-service","url":"/proxy"}
{"date":"2024-02-14T22:14:35.686Z","level":"info","message":"Request received","method":"POST","service":"user-service","url":"/proxy/"}
{"date":"2024-02-14T22:14:36.988Z","level":"error","message":"Request failed with status code 500","method":"POST","service":"user-service","url":"/"}
{"date":"2024-02-14T22:15:15.958Z","level":"info","message":"Request received","method":"POST","service":"user-service","url":"/proxy/"}
{"date":"2024-02-14T22:15:15.986Z","level":"info","message":"Request received","method":"POST","service":"user-service","url":"/proxy/"}
{"date":"2024-02-14T22:15:16.863Z","level":"error","message":"Request failed with status code 500","method":"POST","service":"user-service","url":"/"}
{"date":"2024-02-14T22:15:16.912Z","level":"error","message":"Request failed with status code 500","method":"POST","service":"user-service","url":"/"}
{"date":"2024-02-14T22:15:38.237Z","level":"info","message":"Request received","method":"POST","service":"user-service","url":"/proxy/"}
{"date":"2024-02-14T22:15:38.252Z","level":"info","message":"Request received","method":"POST","service":"user-service","url":"/proxy/"}
{"date":"2024-02-14T22:15:39.916Z","level":"error","message":"Request failed with status code 500","method":"POST","service":"user-service","url":"/"}
{"date":"2024-02-14T22:15:39.927Z","level":"error","message":"Request failed with status code 500","method":"POST","service":"user-service","url":"/"}
{"date":"2024-02-14T22:15:55.652Z","level":"info","message":"Request received","method":"GET","service":"user-service","url":"/proxy/"}
{"date":"2024-02-14T22:17:37.102Z","level":"info","message":"Request received","method":"POST","service":"user-service","url":"/proxy"}
{"date":"2024-02-14T22:17:37.190Z","level":"info","message":"Request received","method":"POST","service":"user-service","url":"/proxy"}
{"date":"2024-02-14T22:17:38.089Z","level":"error","message":"Request failed with status code 500","method":"POST","service":"user-service","url":"/"}
{"date":"2024-02-14T22:17:38.157Z","level":"error","message":"Request failed with status code 500","method":"POST","service":"user-service","url":"/"}
{"date":"2024-02-14T22:18:26.089Z","level":"info","message":"Request received","method":"POST","service":"user-service","url":"/proxy"}
{"date":"2024-02-14T22:18:26.307Z","level":"info","message":"Request received","method":"POST","service":"user-service","url":"/proxy"}
{"date":"2024-02-14T22:18:27.222Z","level":"error","message":"Request failed with status code 500","method":"POST","service":"user-service","url":"/"}
{"date":"2024-02-14T22:18:27.278Z","level":"error","message":"Request failed with status code 500","method":"POST","service":"user-service","url":"/"}
{"date":"2024-02-14T22:18:45.177Z","level":"info","message":"Request received","method":"POST","service":"user-service","url":"/proxy"}
{"date":"2024-02-14T22:19:23.166Z","level":"info","message":"Request received","method":"POST","service":"user-service","url":"/proxy"}
{"date":"2024-02-14T22:19:23.255Z","level":"info","message":"Request received","method":"POST","service":"user-service","url":"/proxy"}
{"date":"2024-02-14T22:19:24.169Z","level":"error","message":"Request failed with status code 500","method":"POST","service":"user-service","url":"/"}
{"date":"2024-02-14T22:19:24.233Z","level":"error","message":"Request failed with status code 500","method":"POST","service":"user-service","url":"/"}
{"date":"2024-02-14T22:19:56.926Z","level":"info","message":"Request received","method":"POST","service":"user-service","url":"/proxy"}
{"date":"2024-02-14T22:19:56.995Z","level":"info","message":"Request received","method":"POST","service":"user-service","url":"/proxy"}
{"date":"2024-02-14T22:20:33.063Z","level":"info","message":"Request received","method":"POST","service":"user-service","url":"/proxy"}
{"date":"2024-02-14T22:20:33.077Z","level":"info","message":"Request received","method":"POST","service":"user-service","url":"/proxy"}
{"date":"2024-02-14T22:20:54.412Z","level":"info","message":"Request received","method":"POST","service":"user-service","url":"/proxy"}
{"date":"2024-02-14T22:20:59.474Z","level":"info","message":"Request received","method":"POST","service":"user-service","url":"/proxy"}
{"date":"2024-02-14T22:20:59.485Z","level":"info","message":"Request received","method":"POST","service":"user-service","url":"/proxy"}
{"date":"2024-02-14T22:21:21.898Z","level":"info","message":"Request received","method":"POST","service":"user-service","url":"/proxy"}
{"date":"2024-02-14T22:21:27.210Z","level":"info","message":"Request received","method":"POST","service":"user-service","url":"/proxy"}
{"date":"2024-02-14T22:21:27.219Z","level":"info","message":"Request received","method":"POST","service":"user-service","url":"/proxy"}
{"date":"2024-02-14T22:21:40.891Z","level":"info","message":"Request received","method":"POST","service":"user-service","url":"/proxy"}
{"date":"2024-02-14T22:22:09.334Z","level":"info","message":"Request received","method":"POST","service":"user-service","url":"/proxy"}
{"date":"2024-02-14T22:22:39.150Z","level":"info","message":"Request received","method":"POST","service":"user-service","url":"/proxy"}
{"date":"2024-02-14T22:28:12.916Z","level":"info","message":"Request received","method":"POST","service":"user-service","url":"/proxy"}
{"date":"2024-02-14T22:28:38.657Z","level":"info","message":"Request received","method":"POST","service":"user-service","url":"/proxy"}
{"date":"2024-02-14T22:28:38.663Z","level":"info","message":"Request received","method":"POST","service":"user-service","url":"/proxy"}
{"date":"2024-02-17T13:15:41.253Z","level":"info","message":"Request received","method":"POST","service":"user-service","url":"/proxy"}
{"date":"2024-02-17T13:15:42.680Z","level":"error","message":"Request failed with status code 500","method":"POST","service":"user-service","url":"/"}
{"date":"2024-02-17T13:15:57.067Z","level":"info","message":"Request received","method":"POST","service":"user-service","url":"/proxy"}
{"date":"2024-02-17T13:15:58.150Z","level":"error","message":"The provided authorization grant is invalid, expired, or revoked","method":"POST","service":"user-service","url":"/"}
{"date":"2024-02-17T13:17:15.623Z","level":"info","message":"Request received","method":"POST","service":"user-service","url":"/proxy"}
{"date":"2024-02-17T13:17:16.531Z","level":"error","message":"The provided authorization grant is invalid, expired, or revoked","method":"POST","service":"user-service","url":"/"}
{"date":"2024-02-17T13:19:01.993Z","level":"info","message":"Request received","method":"POST","service":"user-service","url":"/proxy"}
{"date":"2024-02-17T13:19:02.691Z","level":"error","message":"The provided authorization grant is invalid, expired, or revoked","method":"POST","service":"user-service","url":"/"}
{"date":"2024-02-17T13:20:57.620Z","level":"info","message":"Request received","method":"POST","service":"user-service","url":"/proxy"}
{"date":"2024-02-17T13:20:58.568Z","level":"error","message":"The provided authorization grant is invalid, expired, or revoked","method":"POST","service":"user-service","url":"/"}
{"date":"2024-02-17T13:24:53.387Z","level":"info","message":"Request received","method":"POST","service":"user-service","url":"/proxy"}
{"date":"2024-02-17T13:24:54.665Z","level":"error","message":"The from address does not match a verified Sender Identity. Mail cannot be sent until this error is resolved. Visit https://sendgrid.com/docs/for-developers/sending-email/sender-identity/ to see the Sender Identity requirements","method":"POST","service":"user-service","url":"/"}
{"date":"2024-02-17T13:29:57.163Z","level":"info","message":"Request received","method":"POST","service":"user-service","url":"/proxy"}
{"date":"2024-02-17T13:29:58.686Z","level":"error","message":"Converting circular structure to JSON\n    --> starting at object with constructor 'Socket'\n    |     property 'parser' -> object with constructor 'HTTPParser'\n    --- property 'socket' closes the circle","method":"POST","service":"user-service","url":"/"}
{"date":"2024-02-17T13:32:41.991Z","level":"info","message":"Request received","method":"POST","service":"user-service","url":"/proxy"}
{"date":"2024-02-17T13:32:42.930Z","level":"error","message":"Converting circular structure to JSON\n    --> starting at object with constructor 'Socket'\n    |     property 'parser' -> object with constructor 'HTTPParser'\n    --- property 'socket' closes the circle","method":"POST","service":"user-service","url":"/"}
{"date":"2024-02-17T13:32:52.052Z","level":"info","message":"Request received","method":"POST","service":"user-service","url":"/proxy"}
{"date":"2024-02-17T13:32:52.524Z","level":"error","message":"Converting circular structure to JSON\n    --> starting at object with constructor 'Socket'\n    |     property 'parser' -> object with constructor 'HTTPParser'\n    --- property 'socket' closes the circle","method":"POST","service":"user-service","url":"/"}
{"date":"2024-02-17T13:34:05.927Z","level":"info","message":"Request received","method":"POST","service":"user-service","url":"/proxy"}
{"date":"2024-02-17T13:34:07.458Z","level":"error","message":"Converting circular structure to JSON\n    --> starting at object with constructor 'Socket'\n    |     property 'parser' -> object with constructor 'HTTPParser'\n    --- property 'socket' closes the circle","method":"POST","service":"user-service","url":"/"}
{"date":"2024-02-17T13:43:45.818Z","level":"info","message":"Request received","method":"POST","service":"user-service","url":"/proxy"}
{"date":"2024-02-17T13:43:45.833Z","level":"error","message":"ENOENT: no such file or directory, open './index.ejs'","method":"POST","service":"user-service","url":"/"}
{"date":"2024-02-17T13:45:14.768Z","level":"info","message":"Request received","method":"POST","service":"user-service","url":"/proxy"}
{"date":"2024-02-17T13:45:14.772Z","level":"error","message":"ENOENT: no such file or directory, open './index.ejs'","method":"POST","service":"user-service","url":"/"}
{"date":"2024-02-17T13:45:22.690Z","level":"info","message":"Request received","method":"POST","service":"user-service","url":"/proxy"}
{"date":"2024-02-17T13:45:22.703Z","level":"error","message":"ENOENT: no such file or directory, open '/home/ahmed/Documents/GitHub/lutz-be/src/controllers/../src/controllers/index.ejs'","method":"POST","service":"user-service","url":"/"}
{"date":"2024-02-17T13:45:55.447Z","level":"info","message":"Request received","method":"POST","service":"user-service","url":"/proxy"}
{"date":"2024-02-17T13:45:56.962Z","level":"error","message":"Converting circular structure to JSON\n    --> starting at object with constructor 'Socket'\n    |     property 'parser' -> object with constructor 'HTTPParser'\n    --- property 'socket' closes the circle","method":"POST","service":"user-service","url":"/"}
{"date":"2024-02-17T13:46:32.396Z","level":"info","message":"Request received","method":"POST","service":"user-service","url":"/proxy"}
{"date":"2024-02-17T13:46:32.863Z","level":"error","message":"Converting circular structure to JSON\n    --> starting at object with constructor 'Socket'\n    |     property 'parser' -> object with constructor 'HTTPParser'\n    --- property 'socket' closes the circle","method":"POST","service":"user-service","url":"/"}
{"date":"2024-02-17T13:46:47.254Z","level":"info","message":"Request received","method":"POST","service":"user-service","url":"/proxy"}
{"date":"2024-02-17T13:46:47.732Z","level":"error","message":"Converting circular structure to JSON\n    --> starting at object with constructor 'Socket'\n    |     property 'parser' -> object with constructor 'HTTPParser'\n    --- property 'socket' closes the circle","method":"POST","service":"user-service","url":"/"}
{"date":"2024-02-17T13:49:25.294Z","level":"info","message":"Request received","method":"POST","service":"user-service","url":"/proxy"}
{"date":"2024-02-17T13:49:26.143Z","level":"error","message":"Converting circular structure to JSON\n    --> starting at object with constructor 'Socket'\n    |     property 'parser' -> object with constructor 'HTTPParser'\n    --- property 'socket' closes the circle","method":"POST","service":"user-service","url":"/"}
{"date":"2024-02-17T13:52:04.882Z","level":"info","message":"Request received","method":"POST","service":"user-service","url":"/proxy"}
{"date":"2024-02-17T13:52:06.403Z","level":"error","message":"Converting circular structure to JSON\n    --> starting at object with constructor 'Socket'\n    |     property 'parser' -> object with constructor 'HTTPParser'\n    --- property 'socket' closes the circle","method":"POST","service":"user-service","url":"/"}
{"date":"2024-02-17T13:58:31.476Z","level":"info","message":"Request received","method":"POST","service":"user-service","url":"/proxy"}
{"date":"2024-02-17T13:58:32.489Z","level":"error","message":"Converting circular structure to JSON\n    --> starting at object with constructor 'Socket'\n    |     property 'parser' -> object with constructor 'HTTPParser'\n    --- property 'socket' closes the circle","method":"POST","service":"user-service","url":"/"}
{"date":"2024-02-17T14:00:19.038Z","level":"info","message":"Request received","method":"POST","service":"user-service","url":"/proxy"}
{"date":"2024-02-17T14:00:20.489Z","level":"error","message":"Converting circular structure to JSON\n    --> starting at object with constructor 'Socket'\n    |     property 'parser' -> object with constructor 'HTTPParser'\n    --- property 'socket' closes the circle","method":"POST","service":"user-service","url":"/"}
{"date":"2024-02-17T14:03:26.163Z","level":"info","message":"Request received","method":"POST","service":"user-service","url":"/proxy"}
{"date":"2024-02-17T14:03:27.402Z","level":"error","message":"Converting circular structure to JSON\n    --> starting at object with constructor 'Socket'\n    |     property 'parser' -> object with constructor 'HTTPParser'\n    --- property 'socket' closes the circle","method":"POST","service":"user-service","url":"/"}
{"date":"2024-02-17T14:11:51.419Z","level":"info","message":"Request received","method":"POST","service":"user-service","url":"/proxy"}
{"date":"2024-02-17T14:11:51.427Z","level":"error","message":"/home/ahmed/Documents/GitHub/lutz-be/src/controllers/index.ejs:9\n    7| </head>\n    8| <body>\n >> 9|     <h1>Hello <%= name %>,</h1>\n    10|     <p><%= message %></p>\n    11|     <p>Best regards,</p>\n    12|     <p>Your Sender</p>\n\nname is not defined","method":"POST","service":"user-service","url":"/"}
{"date":"2024-02-17T14:12:10.699Z","level":"info","message":"Request received","method":"POST","service":"user-service","url":"/proxy"}
{"date":"2024-02-17T14:12:10.706Z","level":"error","message":"/home/ahmed/Documents/GitHub/lutz-be/src/controllers/index.ejs:9\n    7| </head>\n    8| <body>\n >> 9|     <h1>Hello <%= name %>,</h1>\n    10|     <p><%= message %></p>\n    11|     <p>Best regards,</p>\n    12|     <p>Your Sender</p>\n\nname is not defined","method":"POST","service":"user-service","url":"/"}
{"date":"2024-02-17T14:12:28.762Z","level":"info","message":"Request received","method":"POST","service":"user-service","url":"/proxy"}
{"date":"2024-02-17T14:12:55.128Z","level":"info","message":"Request received","method":"POST","service":"user-service","url":"/proxy"}
{"date":"2024-02-17T14:13:16.444Z","level":"info","message":"Request received","method":"POST","service":"user-service","url":"/proxy"}
{"date":"2024-02-17T14:13:16.486Z","level":"error","message":"Converting circular structure to JSON\n    --> starting at object with constructor 'Socket'\n    |     property 'parser' -> object with constructor 'HTTPParser'\n    --- property 'socket' closes the circle","method":"POST","service":"user-service","url":"/"}
{"date":"2024-02-17T14:13:54.130Z","level":"info","message":"Request received","method":"POST","service":"user-service","url":"/proxy"}
{"date":"2024-02-17T14:13:54.154Z","level":"error","message":"Converting circular structure to JSON\n    --> starting at object with constructor 'Socket'\n    |     property 'parser' -> object with constructor 'HTTPParser'\n    --- property 'socket' closes the circle","method":"POST","service":"user-service","url":"/"}
{"date":"2024-02-17T14:14:07.791Z","level":"info","message":"Request received","method":"POST","service":"user-service","url":"/proxy"}
{"date":"2024-02-17T14:14:07.815Z","level":"error","message":"Converting circular structure to JSON\n    --> starting at object with constructor 'Socket'\n    |     property 'parser' -> object with constructor 'HTTPParser'\n    --- property 'socket' closes the circle","method":"POST","service":"user-service","url":"/"}
{"date":"2024-02-17T14:15:22.285Z","level":"info","message":"Request received","method":"POST","service":"user-service","url":"/proxy"}
{"date":"2024-02-17T14:15:22.900Z","level":"error","message":"Converting circular structure to JSON\n    --> starting at object with constructor 'Socket'\n    |     property 'parser' -> object with constructor 'HTTPParser'\n    --- property 'socket' closes the circle","method":"POST","service":"user-service","url":"/"}
{"date":"2024-02-17T14:16:58.567Z","level":"info","message":"Request received","method":"POST","service":"user-service","url":"/proxy"}
{"date":"2024-02-17T14:16:58.578Z","level":"error","message":"Converting circular structure to JSON\n    --> starting at object with constructor 'Socket'\n    |     property 'parser' -> object with constructor 'HTTPParser'\n    --- property 'socket' closes the circle","method":"POST","service":"user-service","url":"/"}
{"date":"2024-02-17T14:17:06.716Z","level":"info","message":"Request received","method":"POST","service":"user-service","url":"/proxy"}
{"date":"2024-02-17T14:17:06.727Z","level":"error","message":"Converting circular structure to JSON\n    --> starting at object with constructor 'Socket'\n    |     property 'parser' -> object with constructor 'HTTPParser'\n    --- property 'socket' closes the circle","method":"POST","service":"user-service","url":"/"}
{"date":"2024-02-17T14:18:40.892Z","level":"info","message":"Request received","method":"POST","service":"user-service","url":"/proxy"}
{"date":"2024-02-20T17:09:05.071Z","level":"info","message":"Request received","method":"POST","service":"user-service","url":"/proxy"}
{"date":"2024-02-20T17:09:05.151Z","level":"info","message":"Request received","method":"POST","service":"user-service","url":"/proxy"}
{"date":"2024-02-20T17:09:05.155Z","level":"error","message":"Cannot read properties of undefined (reading 'inlet_outlet_config')","method":"POST","service":"user-service","url":"/"}
{"date":"2024-02-20T17:09:05.165Z","level":"info","message":"Request received","method":"POST","service":"user-service","url":"/proxy"}
{"date":"2024-02-20T17:09:06.582Z","level":"error","message":"Request failed with status code 500","method":"POST","service":"user-service","url":"/"}
{"date":"2024-02-20T17:09:06.643Z","level":"error","message":"Request failed with status code 500","method":"POST","service":"user-service","url":"/"}
{"date":"2024-02-20T17:09:20.318Z","level":"info","message":"Request received","method":"POST","service":"user-service","url":"/proxy"}
{"date":"2024-02-20T17:09:21.404Z","level":"error","message":"Request failed with status code 500","method":"POST","service":"user-service","url":"/"}
{"date":"2024-02-20T17:13:44.977Z","level":"info","message":"Request received","method":"POST","service":"user-service","url":"/proxy"}
{"date":"2024-02-20T17:14:16.055Z","level":"info","message":"Request received","method":"POST","service":"user-service","url":"/proxy"}
{"date":"2024-02-20T17:14:17.654Z","level":"error","message":"Request failed with status code 500","method":"POST","service":"user-service","url":"/"}
{"date":"2024-02-20T17:17:13.001Z","level":"info","message":"Request received","method":"POST","service":"user-service","url":"/proxy"}
{"date":"2024-02-20T17:17:13.981Z","level":"error","message":"Request failed with status code 500","method":"POST","service":"user-service","url":"/"}
{"date":"2024-02-20T17:17:17.368Z","level":"info","message":"Request received","method":"POST","service":"user-service","url":"/proxy"}
{"date":"2024-02-20T17:17:18.311Z","level":"error","message":"Request failed with status code 500","method":"POST","service":"user-service","url":"/"}
{"date":"2024-02-20T17:28:53.590Z","level":"info","message":"Request received","method":"POST","service":"user-service","url":"/proxy"}
{"date":"2024-02-20T17:42:55.087Z","level":"info","message":"Request received","method":"POST","service":"user-service","url":"/proxy"}
{"date":"2024-02-20T17:42:55.226Z","level":"info","message":"Request received","method":"POST","service":"user-service","url":"/proxy"}
{"date":"2024-02-20T17:42:56.409Z","level":"error","message":"Request failed with status code 500","method":"POST","service":"user-service","url":"/"}
{"date":"2024-02-20T17:42:56.423Z","level":"error","message":"Request failed with status code 500","method":"POST","service":"user-service","url":"/"}
{"date":"2024-02-20T17:43:22.043Z","level":"info","message":"Request received","method":"POST","service":"user-service","url":"/proxy"}
{"date":"2024-02-20T17:43:22.159Z","level":"info","message":"Request received","method":"POST","service":"user-service","url":"/proxy"}
{"date":"2024-02-20T17:43:22.891Z","level":"error","message":"Request failed with status code 500","method":"POST","service":"user-service","url":"/"}
{"date":"2024-02-20T17:43:22.978Z","level":"error","message":"Request failed with status code 500","method":"POST","service":"user-service","url":"/"}
{"date":"2024-02-20T17:50:33.021Z","level":"info","message":"Request received","method":"POST","service":"user-service","url":"/proxy"}
{"date":"2024-02-20T17:50:33.169Z","level":"info","message":"Request received","method":"POST","service":"user-service","url":"/proxy"}
{"date":"2024-02-20T17:50:34.208Z","level":"error","message":"Request failed with status code 500","method":"POST","service":"user-service","url":"/"}
{"date":"2024-02-20T17:50:34.263Z","level":"error","message":"Request failed with status code 500","method":"POST","service":"user-service","url":"/"}
{"date":"2024-02-20T18:22:07.784Z","level":"info","message":"Request received","method":"POST","service":"user-service","url":"/proxy"}
{"date":"2024-02-20T18:22:08.032Z","level":"info","message":"Request received","method":"POST","service":"user-service","url":"/proxy"}
{"date":"2024-02-20T18:22:09.351Z","level":"error","message":"Request failed with status code 500","method":"POST","service":"user-service","url":"/"}
{"date":"2024-02-20T18:22:09.378Z","level":"error","message":"Request failed with status code 500","method":"POST","service":"user-service","url":"/"}
{"date":"2024-02-20T18:35:11.964Z","level":"info","message":"Request received","method":"POST","service":"user-service","url":"/proxy"}
{"date":"2024-02-20T18:35:13.124Z","level":"error","message":"Request failed with status code 500","method":"POST","service":"user-service","url":"/"}
{"date":"2024-02-20T18:35:17.938Z","level":"info","message":"Request received","method":"POST","service":"user-service","url":"/proxy"}
{"date":"2024-02-20T18:35:17.952Z","level":"info","message":"Request received","method":"POST","service":"user-service","url":"/proxy"}
{"date":"2024-02-20T18:35:18.789Z","level":"error","message":"Request failed with status code 500","method":"POST","service":"user-service","url":"/"}
{"date":"2024-02-20T18:35:18.807Z","level":"error","message":"Request failed with status code 500","method":"POST","service":"user-service","url":"/"}
{"date":"2024-02-20T18:40:26.954Z","level":"info","message":"Request received","method":"POST","service":"user-service","url":"/proxy"}
{"date":"2024-02-20T18:40:28.036Z","level":"error","message":"Request failed with status code 500","method":"POST","service":"user-service","url":"/"}
{"date":"2024-02-20T18:40:39.945Z","level":"info","message":"Request received","method":"POST","service":"user-service","url":"/proxy"}
{"date":"2024-02-20T18:40:39.969Z","level":"info","message":"Request received","method":"POST","service":"user-service","url":"/proxy"}
{"date":"2024-02-20T18:40:40.809Z","level":"error","message":"Request failed with status code 500","method":"POST","service":"user-service","url":"/"}
{"date":"2024-02-20T18:40:40.825Z","level":"error","message":"Request failed with status code 500","method":"POST","service":"user-service","url":"/"}
{"date":"2024-02-20T18:41:31.253Z","level":"info","message":"Request received","method":"POST","service":"user-service","url":"/proxy"}
{"date":"2024-02-20T18:41:31.383Z","level":"info","message":"Request received","method":"POST","service":"user-service","url":"/proxy"}
{"date":"2024-02-20T18:41:32.267Z","level":"error","message":"Request failed with status code 500","method":"POST","service":"user-service","url":"/"}
{"date":"2024-02-20T18:41:32.308Z","level":"error","message":"Request failed with status code 500","method":"POST","service":"user-service","url":"/"}
{"date":"2024-02-20T18:42:10.009Z","level":"info","message":"Request received","method":"POST","service":"user-service","url":"/proxy"}
{"date":"2024-02-20T18:42:10.212Z","level":"info","message":"Request received","method":"POST","service":"user-service","url":"/proxy"}
{"date":"2024-02-20T18:42:14.106Z","level":"error","message":"Converting circular structure to JSON\n    --> starting at object with constructor 'ClientRequest'\n    |     property 'socket' -> object with constructor 'TLSSocket'\n    --- property '_httpMessage' closes the circle","method":"POST","service":"user-service","url":"/"}
{"date":"2024-02-20T18:42:14.114Z","level":"error","message":"Converting circular structure to JSON\n    --> starting at object with constructor 'ClientRequest'\n    |     property 'socket' -> object with constructor 'TLSSocket'\n    --- property '_httpMessage' closes the circle","method":"POST","service":"user-service","url":"/"}
{"date":"2024-02-20T18:42:40.879Z","level":"info","message":"Request received","method":"POST","service":"user-service","url":"/proxy"}
{"date":"2024-02-20T18:42:41.044Z","level":"info","message":"Request received","method":"POST","service":"user-service","url":"/proxy"}
{"date":"2024-02-20T18:44:22.632Z","level":"info","message":"Request received","method":"POST","service":"user-service","url":"/proxy"}
{"date":"2024-02-20T18:44:22.862Z","level":"info","message":"Request received","method":"POST","service":"user-service","url":"/proxy"}
{"date":"2024-02-20T18:44:26.865Z","level":"error","message":"response.json is not a function","method":"POST","service":"user-service","url":"/"}
{"date":"2024-02-20T18:44:26.874Z","level":"error","message":"response.json is not a function","method":"POST","service":"user-service","url":"/"}
{"date":"2024-02-20T18:45:00.896Z","level":"info","message":"Request received","method":"POST","service":"user-service","url":"/proxy"}
{"date":"2024-02-20T18:45:01.061Z","level":"info","message":"Request received","method":"POST","service":"user-service","url":"/proxy"}
{"date":"2024-02-20T18:45:05.386Z","level":"error","message":"Converting circular structure to JSON\n    --> starting at object with constructor 'ClientRequest'\n    |     property 'socket' -> object with constructor 'TLSSocket'\n    --- property '_httpMessage' closes the circle","method":"POST","service":"user-service","url":"/"}
{"date":"2024-02-20T18:45:05.393Z","level":"error","message":"Converting circular structure to JSON\n    --> starting at object with constructor 'ClientRequest'\n    |     property 'socket' -> object with constructor 'TLSSocket'\n    --- property '_httpMessage' closes the circle","method":"POST","service":"user-service","url":"/"}
{"date":"2024-02-20T18:45:42.152Z","level":"info","message":"Request received","method":"POST","service":"user-service","url":"/proxy"}
{"date":"2024-02-20T18:45:42.270Z","level":"info","message":"Request received","method":"POST","service":"user-service","url":"/proxy"}
{"date":"2024-02-20T18:45:46.562Z","level":"error","message":"Converting circular structure to JSON\n    --> starting at object with constructor 'ClientRequest'\n    |     property 'socket' -> object with constructor 'TLSSocket'\n    --- property '_httpMessage' closes the circle","method":"POST","service":"user-service","url":"/"}
{"date":"2024-02-20T18:45:46.579Z","level":"error","message":"Converting circular structure to JSON\n    --> starting at object with constructor 'ClientRequest'\n    |     property 'socket' -> object with constructor 'TLSSocket'\n    --- property '_httpMessage' closes the circle","method":"POST","service":"user-service","url":"/"}
{"date":"2024-02-20T18:46:07.568Z","level":"info","message":"Request received","method":"POST","service":"user-service","url":"/proxy"}
{"date":"2024-02-20T18:46:07.790Z","level":"info","message":"Request received","method":"POST","service":"user-service","url":"/proxy"}
{"date":"2024-02-20T18:46:11.703Z","level":"error","message":"Converting circular structure to JSON\n    --> starting at object with constructor 'ClientRequest'\n    |     property 'socket' -> object with constructor 'TLSSocket'\n    --- property '_httpMessage' closes the circle","method":"POST","service":"user-service","url":"/"}
{"date":"2024-02-20T18:46:11.716Z","level":"error","message":"Converting circular structure to JSON\n    --> starting at object with constructor 'ClientRequest'\n    |     property 'socket' -> object with constructor 'TLSSocket'\n    --- property '_httpMessage' closes the circle","method":"POST","service":"user-service","url":"/"}
{"date":"2024-02-20T18:46:48.389Z","level":"info","message":"Request received","method":"POST","service":"user-service","url":"/proxy"}
{"date":"2024-02-20T18:46:48.557Z","level":"info","message":"Request received","method":"POST","service":"user-service","url":"/proxy"}
{"date":"2024-02-20T18:46:52.356Z","level":"error","message":"Converting circular structure to JSON\n    --> starting at object with constructor 'ClientRequest'\n    |     property 'socket' -> object with constructor 'TLSSocket'\n    --- property '_httpMessage' closes the circle","method":"POST","service":"user-service","url":"/"}
{"date":"2024-02-20T18:46:52.369Z","level":"error","message":"Converting circular structure to JSON\n    --> starting at object with constructor 'ClientRequest'\n    |     property 'socket' -> object with constructor 'TLSSocket'\n    --- property '_httpMessage' closes the circle","method":"POST","service":"user-service","url":"/"}
{"date":"2024-02-20T18:47:06.548Z","level":"info","message":"Request received","method":"POST","service":"user-service","url":"/proxy"}
{"date":"2024-02-20T18:47:06.686Z","level":"info","message":"Request received","method":"POST","service":"user-service","url":"/proxy"}
{"date":"2024-02-20T18:47:10.300Z","level":"error","message":"Converting circular structure to JSON\n    --> starting at object with constructor 'ClientRequest'\n    |     property 'socket' -> object with constructor 'TLSSocket'\n    --- property '_httpMessage' closes the circle","method":"POST","service":"user-service","url":"/"}
{"date":"2024-02-20T18:47:10.328Z","level":"error","message":"Converting circular structure to JSON\n    --> starting at object with constructor 'ClientRequest'\n    |     property 'socket' -> object with constructor 'TLSSocket'\n    --- property '_httpMessage' closes the circle","method":"POST","service":"user-service","url":"/"}
{"date":"2024-02-20T18:47:41.368Z","level":"info","message":"Request received","method":"POST","service":"user-service","url":"/proxy"}
{"date":"2024-02-20T18:47:41.561Z","level":"info","message":"Request received","method":"POST","service":"user-service","url":"/proxy"}
{"date":"2024-02-20T18:50:10.438Z","level":"info","message":"Request received","method":"POST","service":"user-service","url":"/proxy"}
{"date":"2024-02-20T18:50:10.573Z","level":"info","message":"Request received","method":"POST","service":"user-service","url":"/proxy"}
{"date":"2024-02-20T18:50:14.394Z","level":"error","message":"key is not defined","method":"POST","service":"user-service","url":"/"}
{"date":"2024-02-20T18:50:14.412Z","level":"error","message":"key is not defined","method":"POST","service":"user-service","url":"/"}
{"date":"2024-02-20T18:52:10.595Z","level":"info","message":"Request received","method":"POST","service":"user-service","url":"/proxy"}
{"date":"2024-02-20T18:52:10.787Z","level":"info","message":"Request received","method":"POST","service":"user-service","url":"/proxy"}
