{"date":"2024-02-14T22:14:36.988Z","level":"error","message":"Request failed with status code 500","method":"POST","service":"user-service","url":"/"}
{"date":"2024-02-14T22:15:16.863Z","level":"error","message":"Request failed with status code 500","method":"POST","service":"user-service","url":"/"}
{"date":"2024-02-14T22:15:16.912Z","level":"error","message":"Request failed with status code 500","method":"POST","service":"user-service","url":"/"}
{"date":"2024-02-14T22:15:39.916Z","level":"error","message":"Request failed with status code 500","method":"POST","service":"user-service","url":"/"}
{"date":"2024-02-14T22:15:39.927Z","level":"error","message":"Request failed with status code 500","method":"POST","service":"user-service","url":"/"}
{"date":"2024-02-14T22:17:38.089Z","level":"error","message":"Request failed with status code 500","method":"POST","service":"user-service","url":"/"}
{"date":"2024-02-14T22:17:38.157Z","level":"error","message":"Request failed with status code 500","method":"POST","service":"user-service","url":"/"}
{"date":"2024-02-14T22:18:27.222Z","level":"error","message":"Request failed with status code 500","method":"POST","service":"user-service","url":"/"}
{"date":"2024-02-14T22:18:27.278Z","level":"error","message":"Request failed with status code 500","method":"POST","service":"user-service","url":"/"}
{"date":"2024-02-14T22:19:24.169Z","level":"error","message":"Request failed with status code 500","method":"POST","service":"user-service","url":"/"}
{"date":"2024-02-14T22:19:24.233Z","level":"error","message":"Request failed with status code 500","method":"POST","service":"user-service","url":"/"}
{"date":"2024-02-17T13:15:42.680Z","level":"error","message":"Request failed with status code 500","method":"POST","service":"user-service","url":"/"}
{"date":"2024-02-17T13:15:58.150Z","level":"error","message":"The provided authorization grant is invalid, expired, or revoked","method":"POST","service":"user-service","url":"/"}
{"date":"2024-02-17T13:17:16.531Z","level":"error","message":"The provided authorization grant is invalid, expired, or revoked","method":"POST","service":"user-service","url":"/"}
{"date":"2024-02-17T13:19:02.691Z","level":"error","message":"The provided authorization grant is invalid, expired, or revoked","method":"POST","service":"user-service","url":"/"}
{"date":"2024-02-17T13:20:58.568Z","level":"error","message":"The provided authorization grant is invalid, expired, or revoked","method":"POST","service":"user-service","url":"/"}
{"date":"2024-02-17T13:24:54.665Z","level":"error","message":"The from address does not match a verified Sender Identity. Mail cannot be sent until this error is resolved. Visit https://sendgrid.com/docs/for-developers/sending-email/sender-identity/ to see the Sender Identity requirements","method":"POST","service":"user-service","url":"/"}
{"date":"2024-02-17T13:29:58.686Z","level":"error","message":"Converting circular structure to JSON\n    --> starting at object with constructor 'Socket'\n    |     property 'parser' -> object with constructor 'HTTPParser'\n    --- property 'socket' closes the circle","method":"POST","service":"user-service","url":"/"}
{"date":"2024-02-17T13:32:42.930Z","level":"error","message":"Converting circular structure to JSON\n    --> starting at object with constructor 'Socket'\n    |     property 'parser' -> object with constructor 'HTTPParser'\n    --- property 'socket' closes the circle","method":"POST","service":"user-service","url":"/"}
{"date":"2024-02-17T13:32:52.524Z","level":"error","message":"Converting circular structure to JSON\n    --> starting at object with constructor 'Socket'\n    |     property 'parser' -> object with constructor 'HTTPParser'\n    --- property 'socket' closes the circle","method":"POST","service":"user-service","url":"/"}
{"date":"2024-02-17T13:34:07.458Z","level":"error","message":"Converting circular structure to JSON\n    --> starting at object with constructor 'Socket'\n    |     property 'parser' -> object with constructor 'HTTPParser'\n    --- property 'socket' closes the circle","method":"POST","service":"user-service","url":"/"}
{"date":"2024-02-17T13:43:45.833Z","level":"error","message":"ENOENT: no such file or directory, open './index.ejs'","method":"POST","service":"user-service","url":"/"}
{"date":"2024-02-17T13:45:14.772Z","level":"error","message":"ENOENT: no such file or directory, open './index.ejs'","method":"POST","service":"user-service","url":"/"}
{"date":"2024-02-17T13:45:22.703Z","level":"error","message":"ENOENT: no such file or directory, open '/home/ahmed/Documents/GitHub/lutz-be/src/controllers/../src/controllers/index.ejs'","method":"POST","service":"user-service","url":"/"}
{"date":"2024-02-17T13:45:56.962Z","level":"error","message":"Converting circular structure to JSON\n    --> starting at object with constructor 'Socket'\n    |     property 'parser' -> object with constructor 'HTTPParser'\n    --- property 'socket' closes the circle","method":"POST","service":"user-service","url":"/"}
{"date":"2024-02-17T13:46:32.863Z","level":"error","message":"Converting circular structure to JSON\n    --> starting at object with constructor 'Socket'\n    |     property 'parser' -> object with constructor 'HTTPParser'\n    --- property 'socket' closes the circle","method":"POST","service":"user-service","url":"/"}
{"date":"2024-02-17T13:46:47.732Z","level":"error","message":"Converting circular structure to JSON\n    --> starting at object with constructor 'Socket'\n    |     property 'parser' -> object with constructor 'HTTPParser'\n    --- property 'socket' closes the circle","method":"POST","service":"user-service","url":"/"}
{"date":"2024-02-17T13:49:26.143Z","level":"error","message":"Converting circular structure to JSON\n    --> starting at object with constructor 'Socket'\n    |     property 'parser' -> object with constructor 'HTTPParser'\n    --- property 'socket' closes the circle","method":"POST","service":"user-service","url":"/"}
{"date":"2024-02-17T13:52:06.403Z","level":"error","message":"Converting circular structure to JSON\n    --> starting at object with constructor 'Socket'\n    |     property 'parser' -> object with constructor 'HTTPParser'\n    --- property 'socket' closes the circle","method":"POST","service":"user-service","url":"/"}
{"date":"2024-02-17T13:58:32.489Z","level":"error","message":"Converting circular structure to JSON\n    --> starting at object with constructor 'Socket'\n    |     property 'parser' -> object with constructor 'HTTPParser'\n    --- property 'socket' closes the circle","method":"POST","service":"user-service","url":"/"}
{"date":"2024-02-17T14:00:20.489Z","level":"error","message":"Converting circular structure to JSON\n    --> starting at object with constructor 'Socket'\n    |     property 'parser' -> object with constructor 'HTTPParser'\n    --- property 'socket' closes the circle","method":"POST","service":"user-service","url":"/"}
{"date":"2024-02-17T14:03:27.402Z","level":"error","message":"Converting circular structure to JSON\n    --> starting at object with constructor 'Socket'\n    |     property 'parser' -> object with constructor 'HTTPParser'\n    --- property 'socket' closes the circle","method":"POST","service":"user-service","url":"/"}
{"date":"2024-02-17T14:11:51.427Z","level":"error","message":"/home/ahmed/Documents/GitHub/lutz-be/src/controllers/index.ejs:9\n    7| </head>\n    8| <body>\n >> 9|     <h1>Hello <%= name %>,</h1>\n    10|     <p><%= message %></p>\n    11|     <p>Best regards,</p>\n    12|     <p>Your Sender</p>\n\nname is not defined","method":"POST","service":"user-service","url":"/"}
{"date":"2024-02-17T14:12:10.706Z","level":"error","message":"/home/ahmed/Documents/GitHub/lutz-be/src/controllers/index.ejs:9\n    7| </head>\n    8| <body>\n >> 9|     <h1>Hello <%= name %>,</h1>\n    10|     <p><%= message %></p>\n    11|     <p>Best regards,</p>\n    12|     <p>Your Sender</p>\n\nname is not defined","method":"POST","service":"user-service","url":"/"}
{"date":"2024-02-17T14:12:28.776Z","level":"error","message":"Converting circular structure to JSON\n    --> starting at object with constructor 'Socket'\n    |     property 'parser' -> object with constructor 'HTTPParser'\n    --- property 'socket' closes the circle","method":"POST","service":"user-service","url":"/"}
{"date":"2024-02-17T14:12:55.139Z","level":"error","message":"Converting circular structure to JSON\n    --> starting at object with constructor 'Socket'\n    |     property 'parser' -> object with constructor 'HTTPParser'\n    --- property 'socket' closes the circle","method":"POST","service":"user-service","url":"/"}
{"date":"2024-02-17T14:13:16.486Z","level":"error","message":"Converting circular structure to JSON\n    --> starting at object with constructor 'Socket'\n    |     property 'parser' -> object with constructor 'HTTPParser'\n    --- property 'socket' closes the circle","method":"POST","service":"user-service","url":"/"}
{"date":"2024-02-17T14:13:54.154Z","level":"error","message":"Converting circular structure to JSON\n    --> starting at object with constructor 'Socket'\n    |     property 'parser' -> object with constructor 'HTTPParser'\n    --- property 'socket' closes the circle","method":"POST","service":"user-service","url":"/"}
{"date":"2024-02-17T14:14:07.815Z","level":"error","message":"Converting circular structure to JSON\n    --> starting at object with constructor 'Socket'\n    |     property 'parser' -> object with constructor 'HTTPParser'\n    --- property 'socket' closes the circle","method":"POST","service":"user-service","url":"/"}
{"date":"2024-02-17T14:15:22.900Z","level":"error","message":"Converting circular structure to JSON\n    --> starting at object with constructor 'Socket'\n    |     property 'parser' -> object with constructor 'HTTPParser'\n    --- property 'socket' closes the circle","method":"POST","service":"user-service","url":"/"}
{"date":"2024-02-17T14:16:58.578Z","level":"error","message":"Converting circular structure to JSON\n    --> starting at object with constructor 'Socket'\n    |     property 'parser' -> object with constructor 'HTTPParser'\n    --- property 'socket' closes the circle","method":"POST","service":"user-service","url":"/"}
{"date":"2024-02-17T14:17:06.727Z","level":"error","message":"Converting circular structure to JSON\n    --> starting at object with constructor 'Socket'\n    |     property 'parser' -> object with constructor 'HTTPParser'\n    --- property 'socket' closes the circle","method":"POST","service":"user-service","url":"/"}
{"date":"2024-02-20T17:09:05.155Z","level":"error","message":"Cannot read properties of undefined (reading 'inlet_outlet_config')","method":"POST","service":"user-service","url":"/"}
{"date":"2024-02-20T17:09:06.582Z","level":"error","message":"Request failed with status code 500","method":"POST","service":"user-service","url":"/"}
{"date":"2024-02-20T17:09:06.643Z","level":"error","message":"Request failed with status code 500","method":"POST","service":"user-service","url":"/"}
{"date":"2024-02-20T17:09:21.404Z","level":"error","message":"Request failed with status code 500","method":"POST","service":"user-service","url":"/"}
{"date":"2024-02-20T17:14:17.654Z","level":"error","message":"Request failed with status code 500","method":"POST","service":"user-service","url":"/"}
{"date":"2024-02-20T17:17:13.981Z","level":"error","message":"Request failed with status code 500","method":"POST","service":"user-service","url":"/"}
{"date":"2024-02-20T17:17:18.311Z","level":"error","message":"Request failed with status code 500","method":"POST","service":"user-service","url":"/"}
